{"/home/kvir/PersonalProjects/OrderSapp/app/backend/src/db/index.ts": {"path":"/home/kvir/PersonalProjects/OrderSapp/app/backend/src/db/index.ts","statementMap":{"0":{"start":{"line":4,"column":6},"end":{"line":4,"column":null}}},"fnMap":{},"branchMap":{},"s":{"0":1},"f":{},"b":{},"meta":{"lastBranch":0,"lastFunction":0,"lastStatement":1,"seen":{"s:4:6:4:Infinity":0}}}
,"/home/kvir/PersonalProjects/OrderSapp/app/backend/src/db/schema.ts": {"path":"/home/kvir/PersonalProjects/OrderSapp/app/backend/src/db/schema.ts","statementMap":{"0":{"start":{"line":4,"column":13},"end":{"line":4,"column":null}},"1":{"start":{"line":5,"column":13},"end":{"line":5,"column":null}},"2":{"start":{"line":8,"column":13},"end":{"line":17,"column":null}},"3":{"start":{"line":14,"column":14},"end":{"line":17,"column":1}},"4":{"start":{"line":19,"column":13},"end":{"line":36,"column":null}},"5":{"start":{"line":25,"column":14},"end":{"line":36,"column":1}},"6":{"start":{"line":38,"column":13},"end":{"line":42,"column":null}},"7":{"start":{"line":44,"column":13},"end":{"line":62,"column":null}},"8":{"start":{"line":51,"column":14},"end":{"line":62,"column":1}},"9":{"start":{"line":64,"column":13},"end":{"line":73,"column":null}}},"fnMap":{"0":{"name":"(anonymous_0)","decl":{"start":{"line":14,"column":3},"end":{"line":14,"column":4}},"loc":{"start":{"line":14,"column":14},"end":{"line":17,"column":1}},"line":14},"1":{"name":"(anonymous_1)","decl":{"start":{"line":25,"column":3},"end":{"line":25,"column":4}},"loc":{"start":{"line":25,"column":14},"end":{"line":36,"column":1}},"line":25},"2":{"name":"(anonymous_2)","decl":{"start":{"line":51,"column":3},"end":{"line":51,"column":4}},"loc":{"start":{"line":51,"column":14},"end":{"line":62,"column":1}},"line":51}},"branchMap":{},"s":{"0":1,"1":1,"2":1,"3":1,"4":1,"5":1,"6":1,"7":1,"8":1,"9":1},"f":{"0":1,"1":1,"2":1},"b":{},"meta":{"lastBranch":0,"lastFunction":3,"lastStatement":10,"seen":{"s:4:13:4:Infinity":0,"s:5:13:5:Infinity":1,"s:8:13:17:Infinity":2,"f:14:3:14:4":0,"s:14:14:17:1":3,"s:19:13:36:Infinity":4,"f:25:3:25:4":1,"s:25:14:36:1":5,"s:38:13:42:Infinity":6,"s:44:13:62:Infinity":7,"f:51:3:51:4":2,"s:51:14:62:1":8,"s:64:13:73:Infinity":9}}}
,"/home/kvir/PersonalProjects/OrderSapp/app/backend/src/modules/products/index.ts": {"path":"/home/kvir/PersonalProjects/OrderSapp/app/backend/src/modules/products/index.ts","statementMap":{"0":{"start":{"line":5,"column":2},"end":{"line":8,"column":null}},"1":{"start":{"line":6,"column":21},"end":{"line":6,"column":null}},"2":{"start":{"line":7,"column":4},"end":{"line":7,"column":null}}},"fnMap":{"0":{"name":"productsRoutes","decl":{"start":{"line":4,"column":22},"end":{"line":4,"column":37}},"loc":{"start":{"line":4,"column":63},"end":{"line":9,"column":null}},"line":4},"1":{"name":"(anonymous_1)","decl":{"start":{"line":5,"column":27},"end":{"line":5,"column":39}},"loc":{"start":{"line":5,"column":39},"end":{"line":8,"column":3}},"line":5}},"branchMap":{},"s":{"0":1,"1":1,"2":1},"f":{"0":1,"1":1},"b":{},"meta":{"lastBranch":0,"lastFunction":2,"lastStatement":3,"seen":{"f:4:22:4:37":0,"s:5:2:8:Infinity":0,"f:5:27:5:39":1,"s:6:21:6:Infinity":1,"s:7:4:7:Infinity":2}}}
,"/home/kvir/PersonalProjects/OrderSapp/app/backend/src/modules/products/products.service.ts": {"path":"/home/kvir/PersonalProjects/OrderSapp/app/backend/src/modules/products/products.service.ts","statementMap":{"0":{"start":{"line":8,"column":2},"end":{"line":19,"column":null}}},"fnMap":{"0":{"name":"listProducts","decl":{"start":{"line":5,"column":22},"end":{"line":5,"column":null}},"loc":{"start":{"line":7,"column":22},"end":{"line":20,"column":null}},"line":7}},"branchMap":{},"s":{"0":1},"f":{"0":1},"b":{},"meta":{"lastBranch":0,"lastFunction":1,"lastStatement":1,"seen":{"f:5:22:5:Infinity":0,"s:8:2:19:Infinity":0}}}
}
