{"/home/kvir/PersonalProjects/OrderSapp/app/backend/src/db/index.ts": {"path":"/home/kvir/PersonalProjects/OrderSapp/app/backend/src/db/index.ts","statementMap":{"0":{"start":{"line":4,"column":6},"end":{"line":4,"column":null}}},"fnMap":{},"branchMap":{},"s":{"0":1},"f":{},"b":{},"meta":{"lastBranch":0,"lastFunction":0,"lastStatement":1,"seen":{"s:4:6:4:Infinity":0}}}
,"/home/kvir/PersonalProjects/OrderSapp/app/backend/src/db/schema.ts": {"path":"/home/kvir/PersonalProjects/OrderSapp/app/backend/src/db/schema.ts","statementMap":{"0":{"start":{"line":4,"column":13},"end":{"line":4,"column":null}},"1":{"start":{"line":5,"column":13},"end":{"line":5,"column":null}},"2":{"start":{"line":8,"column":13},"end":{"line":17,"column":null}},"3":{"start":{"line":14,"column":14},"end":{"line":17,"column":1}},"4":{"start":{"line":19,"column":13},"end":{"line":36,"column":null}},"5":{"start":{"line":25,"column":14},"end":{"line":36,"column":1}},"6":{"start":{"line":38,"column":13},"end":{"line":42,"column":null}},"7":{"start":{"line":44,"column":13},"end":{"line":62,"column":null}},"8":{"start":{"line":51,"column":14},"end":{"line":62,"column":1}},"9":{"start":{"line":64,"column":13},"end":{"line":73,"column":null}}},"fnMap":{"0":{"name":"(anonymous_0)","decl":{"start":{"line":14,"column":3},"end":{"line":14,"column":4}},"loc":{"start":{"line":14,"column":14},"end":{"line":17,"column":1}},"line":14},"1":{"name":"(anonymous_1)","decl":{"start":{"line":25,"column":3},"end":{"line":25,"column":4}},"loc":{"start":{"line":25,"column":14},"end":{"line":36,"column":1}},"line":25},"2":{"name":"(anonymous_2)","decl":{"start":{"line":51,"column":3},"end":{"line":51,"column":4}},"loc":{"start":{"line":51,"column":14},"end":{"line":62,"column":1}},"line":51}},"branchMap":{},"s":{"0":1,"1":1,"2":1,"3":1,"4":1,"5":1,"6":1,"7":1,"8":1,"9":1},"f":{"0":1,"1":1,"2":1},"b":{},"meta":{"lastBranch":0,"lastFunction":3,"lastStatement":10,"seen":{"s:4:13:4:Infinity":0,"s:5:13:5:Infinity":1,"s:8:13:17:Infinity":2,"f:14:3:14:4":0,"s:14:14:17:1":3,"s:19:13:36:Infinity":4,"f:25:3:25:4":1,"s:25:14:36:1":5,"s:38:13:42:Infinity":6,"s:44:13:62:Infinity":7,"f:51:3:51:4":2,"s:51:14:62:1":8,"s:64:13:73:Infinity":9}}}
,"/home/kvir/PersonalProjects/OrderSapp/app/backend/src/modules/clients/client.schema.ts": {"path":"/home/kvir/PersonalProjects/OrderSapp/app/backend/src/modules/clients/client.schema.ts","statementMap":{"0":{"start":{"line":6,"column":6},"end":{"line":6,"column":null}},"1":{"start":{"line":12,"column":32},"end":{"line":29,"column":null}},"2":{"start":{"line":31,"column":34},"end":{"line":45,"column":null}},"3":{"start":{"line":47,"column":31},"end":{"line":70,"column":null}},"4":{"start":{"line":72,"column":31},"end":{"line":98,"column":null}}},"fnMap":{},"branchMap":{},"s":{"0":1,"1":1,"2":1,"3":1,"4":1},"f":{},"b":{},"meta":{"lastBranch":0,"lastFunction":0,"lastStatement":5,"seen":{"s:6:6:6:Infinity":0,"s:12:32:29:Infinity":1,"s:31:34:45:Infinity":2,"s:47:31:70:Infinity":3,"s:72:31:98:Infinity":4}}}
,"/home/kvir/PersonalProjects/OrderSapp/app/backend/src/modules/clients/client.service.ts": {"path":"/home/kvir/PersonalProjects/OrderSapp/app/backend/src/modules/clients/client.service.ts","statementMap":{"0":{"start":{"line":13,"column":31},"end":{"line":13,"column":56}},"1":{"start":{"line":15,"column":21},"end":{"line":19,"column":null}},"2":{"start":{"line":21,"column":4},"end":{"line":21,"column":null}},"3":{"start":{"line":24,"column":21},"end":{"line":28,"column":null}},"4":{"start":{"line":30,"column":4},"end":{"line":30,"column":null}},"5":{"start":{"line":33,"column":21},"end":{"line":37,"column":null}},"6":{"start":{"line":39,"column":4},"end":{"line":39,"column":null}},"7":{"start":{"line":43,"column":4},"end":{"line":43,"column":null}},"8":{"start":{"line":47,"column":4},"end":{"line":66,"column":null}},"9":{"start":{"line":48,"column":24},"end":{"line":56,"column":null}},"10":{"start":{"line":58,"column":6},"end":{"line":58,"column":null}},"11":{"start":{"line":61,"column":22},"end":{"line":61,"column":null}},"12":{"start":{"line":62,"column":6},"end":{"line":64,"column":null}},"13":{"start":{"line":63,"column":8},"end":{"line":63,"column":null}},"14":{"start":{"line":65,"column":6},"end":{"line":65,"column":null}},"15":{"start":{"line":69,"column":4},"end":{"line":93,"column":null}},"16":{"start":{"line":70,"column":25},"end":{"line":72,"column":null}},"17":{"start":{"line":71,"column":53},"end":{"line":71,"column":72}},"18":{"start":{"line":74,"column":6},"end":{"line":80,"column":null}},"19":{"start":{"line":75,"column":23},"end":{"line":75,"column":null}},"20":{"start":{"line":76,"column":8},"end":{"line":78,"column":null}},"21":{"start":{"line":77,"column":10},"end":{"line":77,"column":null}},"22":{"start":{"line":79,"column":8},"end":{"line":79,"column":null}},"23":{"start":{"line":81,"column":24},"end":{"line":85,"column":null}},"24":{"start":{"line":87,"column":6},"end":{"line":89,"column":null}},"25":{"start":{"line":88,"column":8},"end":{"line":88,"column":null}},"26":{"start":{"line":90,"column":6},"end":{"line":90,"column":null}},"27":{"start":{"line":92,"column":6},"end":{"line":92,"column":null}},"28":{"start":{"line":97,"column":4},"end":{"line":108,"column":null}},"29":{"start":{"line":98,"column":24},"end":{"line":101,"column":null}},"30":{"start":{"line":102,"column":6},"end":{"line":104,"column":null}},"31":{"start":{"line":103,"column":8},"end":{"line":103,"column":null}},"32":{"start":{"line":105,"column":6},"end":{"line":105,"column":null}},"33":{"start":{"line":107,"column":6},"end":{"line":107,"column":null}}},"fnMap":{"0":{"name":"(anonymous_0)","decl":{"start":{"line":13,"column":2},"end":{"line":13,"column":31}},"loc":{"start":{"line":13,"column":56},"end":{"line":13,"column":null}},"line":13},"1":{"name":"(anonymous_1)","decl":{"start":{"line":14,"column":8},"end":{"line":14,"column":22}},"loc":{"start":{"line":14,"column":61},"end":{"line":22,"column":null}},"line":14},"2":{"name":"(anonymous_2)","decl":{"start":{"line":23,"column":8},"end":{"line":23,"column":25}},"loc":{"start":{"line":23,"column":67},"end":{"line":31,"column":null}},"line":23},"3":{"name":"(anonymous_3)","decl":{"start":{"line":32,"column":8},"end":{"line":32,"column":27}},"loc":{"start":{"line":32,"column":71},"end":{"line":40,"column":null}},"line":32},"4":{"name":"(anonymous_4)","decl":{"start":{"line":42,"column":8},"end":{"line":42,"column":41}},"loc":{"start":{"line":42,"column":41},"end":{"line":44,"column":null}},"line":42},"5":{"name":"(anonymous_5)","decl":{"start":{"line":46,"column":8},"end":{"line":46,"column":21}},"loc":{"start":{"line":46,"column":64},"end":{"line":67,"column":null}},"line":46},"6":{"name":"(anonymous_6)","decl":{"start":{"line":68,"column":8},"end":{"line":68,"column":21}},"loc":{"start":{"line":68,"column":76},"end":{"line":94,"column":null}},"line":68},"7":{"name":"(anonymous_7)","decl":{"start":{"line":71,"column":37},"end":{"line":71,"column":38}},"loc":{"start":{"line":71,"column":53},"end":{"line":71,"column":72}},"line":71},"8":{"name":"(anonymous_8)","decl":{"start":{"line":96,"column":8},"end":{"line":96,"column":21}},"loc":{"start":{"line":96,"column":50},"end":{"line":109,"column":null}},"line":96}},"branchMap":{"0":{"loc":{"start":{"line":21,"column":11},"end":{"line":21,"column":null}},"type":"binary-expr","locations":[{"start":{"line":21,"column":11},"end":{"line":21,"column":21}},{"start":{"line":21,"column":21},"end":{"line":21,"column":null}}],"line":21},"1":{"loc":{"start":{"line":30,"column":11},"end":{"line":30,"column":null}},"type":"binary-expr","locations":[{"start":{"line":30,"column":11},"end":{"line":30,"column":21}},{"start":{"line":30,"column":21},"end":{"line":30,"column":null}}],"line":30},"2":{"loc":{"start":{"line":39,"column":11},"end":{"line":39,"column":null}},"type":"binary-expr","locations":[{"start":{"line":39,"column":11},"end":{"line":39,"column":21}},{"start":{"line":39,"column":21},"end":{"line":39,"column":null}}],"line":39},"3":{"loc":{"start":{"line":62,"column":6},"end":{"line":64,"column":null}},"type":"if","locations":[{"start":{"line":62,"column":6},"end":{"line":64,"column":null}},{"start":{},"end":{}}],"line":62},"4":{"loc":{"start":{"line":74,"column":6},"end":{"line":80,"column":null}},"type":"if","locations":[{"start":{"line":74,"column":6},"end":{"line":80,"column":null}},{"start":{},"end":{}}],"line":74},"5":{"loc":{"start":{"line":76,"column":8},"end":{"line":78,"column":null}},"type":"if","locations":[{"start":{"line":76,"column":8},"end":{"line":78,"column":null}},{"start":{},"end":{}}],"line":76},"6":{"loc":{"start":{"line":87,"column":6},"end":{"line":89,"column":null}},"type":"if","locations":[{"start":{"line":87,"column":6},"end":{"line":89,"column":null}},{"start":{},"end":{}}],"line":87},"7":{"loc":{"start":{"line":102,"column":6},"end":{"line":104,"column":null}},"type":"if","locations":[{"start":{"line":102,"column":6},"end":{"line":104,"column":null}},{"start":{},"end":{}}],"line":102}},"s":{"0":1,"1":1,"2":1,"3":1,"4":1,"5":1,"6":1,"7":1,"8":9,"9":9,"10":8,"11":1,"12":1,"13":1,"14":0,"15":3,"16":3,"17":5,"18":3,"19":1,"20":1,"21":0,"22":1,"23":2,"24":2,"25":0,"26":2,"27":0,"28":2,"29":2,"30":2,"31":1,"32":1,"33":1},"f":{"0":1,"1":1,"2":1,"3":1,"4":1,"5":9,"6":3,"7":5,"8":2},"b":{"0":[1,0],"1":[1,0],"2":[1,0],"3":[1,0],"4":[1,2],"5":[0,1],"6":[0,2],"7":[1,1]},"meta":{"lastBranch":8,"lastFunction":9,"lastStatement":34,"seen":{"f:13:2:13:31":0,"s:13:31:13:56":0,"f:14:8:14:22":1,"s:15:21:19:Infinity":1,"s:21:4:21:Infinity":2,"b:21:11:21:21:21:21:21:Infinity":0,"f:23:8:23:25":2,"s:24:21:28:Infinity":3,"s:30:4:30:Infinity":4,"b:30:11:30:21:30:21:30:Infinity":1,"f:32:8:32:27":3,"s:33:21:37:Infinity":5,"s:39:4:39:Infinity":6,"b:39:11:39:21:39:21:39:Infinity":2,"f:42:8:42:41":4,"s:43:4:43:Infinity":7,"f:46:8:46:21":5,"s:47:4:66:Infinity":8,"s:48:24:56:Infinity":9,"s:58:6:58:Infinity":10,"s:61:22:61:Infinity":11,"b:62:6:64:Infinity:undefined:undefined:undefined:undefined":3,"s:62:6:64:Infinity":12,"s:63:8:63:Infinity":13,"s:65:6:65:Infinity":14,"f:68:8:68:21":6,"s:69:4:93:Infinity":15,"s:70:25:72:Infinity":16,"f:71:37:71:38":7,"s:71:53:71:72":17,"b:74:6:80:Infinity:undefined:undefined:undefined:undefined":4,"s:74:6:80:Infinity":18,"s:75:23:75:Infinity":19,"b:76:8:78:Infinity:undefined:undefined:undefined:undefined":5,"s:76:8:78:Infinity":20,"s:77:10:77:Infinity":21,"s:79:8:79:Infinity":22,"s:81:24:85:Infinity":23,"b:87:6:89:Infinity:undefined:undefined:undefined:undefined":6,"s:87:6:89:Infinity":24,"s:88:8:88:Infinity":25,"s:90:6:90:Infinity":26,"s:92:6:92:Infinity":27,"f:96:8:96:21":8,"s:97:4:108:Infinity":28,"s:98:24:101:Infinity":29,"b:102:6:104:Infinity:undefined:undefined:undefined:undefined":7,"s:102:6:104:Infinity":30,"s:103:8:103:Infinity":31,"s:105:6:105:Infinity":32,"s:107:6:107:Infinity":33}}}
,"/home/kvir/PersonalProjects/OrderSapp/app/backend/src/modules/clients/index.ts": {"path":"/home/kvir/PersonalProjects/OrderSapp/app/backend/src/modules/clients/index.ts","statementMap":{"0":{"start":{"line":14,"column":24},"end":{"line":14,"column":null}},"1":{"start":{"line":16,"column":2},"end":{"line":28,"column":null}},"2":{"start":{"line":20,"column":24},"end":{"line":20,"column":null}},"3":{"start":{"line":21,"column":21},"end":{"line":21,"column":null}},"4":{"start":{"line":22,"column":6},"end":{"line":24,"column":null}},"5":{"start":{"line":23,"column":8},"end":{"line":23,"column":null}},"6":{"start":{"line":26,"column":6},"end":{"line":26,"column":null}},"7":{"start":{"line":30,"column":2},"end":{"line":33,"column":null}},"8":{"start":{"line":31,"column":20},"end":{"line":31,"column":null}},"9":{"start":{"line":32,"column":4},"end":{"line":32,"column":null}},"10":{"start":{"line":35,"column":2},"end":{"line":46,"column":null}},"11":{"start":{"line":39,"column":26},"end":{"line":39,"column":null}},"12":{"start":{"line":40,"column":21},"end":{"line":40,"column":null}},"13":{"start":{"line":41,"column":6},"end":{"line":43,"column":null}},"14":{"start":{"line":42,"column":8},"end":{"line":42,"column":null}},"15":{"start":{"line":44,"column":6},"end":{"line":44,"column":null}},"16":{"start":{"line":48,"column":2},"end":{"line":61,"column":null}},"17":{"start":{"line":49,"column":17},"end":{"line":49,"column":null}},"18":{"start":{"line":50,"column":4},"end":{"line":60,"column":null}},"19":{"start":{"line":51,"column":22},"end":{"line":51,"column":null}},"20":{"start":{"line":52,"column":6},"end":{"line":52,"column":null}},"21":{"start":{"line":54,"column":6},"end":{"line":58,"column":null}},"22":{"start":{"line":55,"column":8},"end":{"line":57,"column":null}},"23":{"start":{"line":59,"column":6},"end":{"line":59,"column":null}},"24":{"start":{"line":63,"column":2},"end":{"line":75,"column":null}},"25":{"start":{"line":64,"column":19},"end":{"line":64,"column":null}},"26":{"start":{"line":65,"column":17},"end":{"line":65,"column":null}},"27":{"start":{"line":66,"column":4},"end":{"line":74,"column":null}},"28":{"start":{"line":67,"column":22},"end":{"line":67,"column":null}},"29":{"start":{"line":68,"column":6},"end":{"line":68,"column":null}},"30":{"start":{"line":70,"column":6},"end":{"line":72,"column":null}},"31":{"start":{"line":71,"column":8},"end":{"line":71,"column":null}},"32":{"start":{"line":73,"column":6},"end":{"line":73,"column":null}},"33":{"start":{"line":77,"column":2},"end":{"line":88,"column":null}},"34":{"start":{"line":78,"column":19},"end":{"line":78,"column":null}},"35":{"start":{"line":79,"column":4},"end":{"line":87,"column":null}},"36":{"start":{"line":80,"column":22},"end":{"line":80,"column":null}},"37":{"start":{"line":81,"column":6},"end":{"line":81,"column":null}},"38":{"start":{"line":83,"column":6},"end":{"line":85,"column":null}},"39":{"start":{"line":84,"column":8},"end":{"line":84,"column":null}},"40":{"start":{"line":86,"column":6},"end":{"line":86,"column":null}}},"fnMap":{"0":{"name":"clientsRoutes","decl":{"start":{"line":13,"column":22},"end":{"line":13,"column":36}},"loc":{"start":{"line":13,"column":62},"end":{"line":89,"column":null}},"line":13},"1":{"name":"(anonymous_1)","decl":{"start":{"line":19,"column":4},"end":{"line":19,"column":11}},"loc":{"start":{"line":19,"column":30},"end":{"line":27,"column":null}},"line":19},"2":{"name":"(anonymous_2)","decl":{"start":{"line":30,"column":19},"end":{"line":30,"column":31}},"loc":{"start":{"line":30,"column":31},"end":{"line":33,"column":3}},"line":30},"3":{"name":"(anonymous_3)","decl":{"start":{"line":38,"column":4},"end":{"line":38,"column":11}},"loc":{"start":{"line":38,"column":30},"end":{"line":45,"column":null}},"line":38},"4":{"name":"(anonymous_4)","decl":{"start":{"line":48,"column":49},"end":{"line":48,"column":56}},"loc":{"start":{"line":48,"column":75},"end":{"line":61,"column":3}},"line":48},"5":{"name":"(anonymous_5)","decl":{"start":{"line":63,"column":53},"end":{"line":63,"column":60}},"loc":{"start":{"line":63,"column":79},"end":{"line":75,"column":3}},"line":63},"6":{"name":"(anonymous_6)","decl":{"start":{"line":77,"column":25},"end":{"line":77,"column":32}},"loc":{"start":{"line":77,"column":51},"end":{"line":88,"column":3}},"line":77}},"branchMap":{"0":{"loc":{"start":{"line":22,"column":6},"end":{"line":24,"column":null}},"type":"if","locations":[{"start":{"line":22,"column":6},"end":{"line":24,"column":null}},{"start":{},"end":{}}],"line":22},"1":{"loc":{"start":{"line":41,"column":6},"end":{"line":43,"column":null}},"type":"if","locations":[{"start":{"line":41,"column":6},"end":{"line":43,"column":null}},{"start":{},"end":{}}],"line":41},"2":{"loc":{"start":{"line":54,"column":6},"end":{"line":58,"column":null}},"type":"if","locations":[{"start":{"line":54,"column":6},"end":{"line":58,"column":null}},{"start":{},"end":{}}],"line":54},"3":{"loc":{"start":{"line":70,"column":6},"end":{"line":72,"column":null}},"type":"if","locations":[{"start":{"line":70,"column":6},"end":{"line":72,"column":null}},{"start":{},"end":{}}],"line":70},"4":{"loc":{"start":{"line":83,"column":6},"end":{"line":85,"column":null}},"type":"if","locations":[{"start":{"line":83,"column":6},"end":{"line":85,"column":null}},{"start":{},"end":{}}],"line":83}},"s":{"0":1,"1":1,"2":1,"3":1,"4":1,"5":0,"6":1,"7":1,"8":1,"9":1,"10":1,"11":1,"12":1,"13":1,"14":0,"15":1,"16":1,"17":9,"18":9,"19":9,"20":8,"21":1,"22":1,"23":0,"24":1,"25":3,"26":3,"27":3,"28":3,"29":3,"30":0,"31":0,"32":0,"33":1,"34":2,"35":2,"36":2,"37":1,"38":1,"39":1,"40":0},"f":{"0":1,"1":1,"2":1,"3":1,"4":9,"5":3,"6":2},"b":{"0":[0,1],"1":[0,1],"2":[1,0],"3":[0,0],"4":[1,0]},"meta":{"lastBranch":5,"lastFunction":7,"lastStatement":41,"seen":{"f:13:22:13:36":0,"s:14:24:14:Infinity":0,"s:16:2:28:Infinity":1,"f:19:4:19:11":1,"s:20:24:20:Infinity":2,"s:21:21:21:Infinity":3,"b:22:6:24:Infinity:undefined:undefined:undefined:undefined":0,"s:22:6:24:Infinity":4,"s:23:8:23:Infinity":5,"s:26:6:26:Infinity":6,"s:30:2:33:Infinity":7,"f:30:19:30:31":2,"s:31:20:31:Infinity":8,"s:32:4:32:Infinity":9,"s:35:2:46:Infinity":10,"f:38:4:38:11":3,"s:39:26:39:Infinity":11,"s:40:21:40:Infinity":12,"b:41:6:43:Infinity:undefined:undefined:undefined:undefined":1,"s:41:6:43:Infinity":13,"s:42:8:42:Infinity":14,"s:44:6:44:Infinity":15,"s:48:2:61:Infinity":16,"f:48:49:48:56":4,"s:49:17:49:Infinity":17,"s:50:4:60:Infinity":18,"s:51:22:51:Infinity":19,"s:52:6:52:Infinity":20,"b:54:6:58:Infinity:undefined:undefined:undefined:undefined":2,"s:54:6:58:Infinity":21,"s:55:8:57:Infinity":22,"s:59:6:59:Infinity":23,"s:63:2:75:Infinity":24,"f:63:53:63:60":5,"s:64:19:64:Infinity":25,"s:65:17:65:Infinity":26,"s:66:4:74:Infinity":27,"s:67:22:67:Infinity":28,"s:68:6:68:Infinity":29,"b:70:6:72:Infinity:undefined:undefined:undefined:undefined":3,"s:70:6:72:Infinity":30,"s:71:8:71:Infinity":31,"s:73:6:73:Infinity":32,"s:77:2:88:Infinity":33,"f:77:25:77:32":6,"s:78:19:78:Infinity":34,"s:79:4:87:Infinity":35,"s:80:22:80:Infinity":36,"s:81:6:81:Infinity":37,"b:83:6:85:Infinity:undefined:undefined:undefined:undefined":4,"s:83:6:85:Infinity":38,"s:84:8:84:Infinity":39,"s:86:6:86:Infinity":40}}}
,"/home/kvir/PersonalProjects/OrderSapp/app/backend/src/utils/error.ts": {"path":"/home/kvir/PersonalProjects/OrderSapp/app/backend/src/utils/error.ts","statementMap":{"0":{"start":{"line":14,"column":4},"end":{"line":14,"column":null}},"1":{"start":{"line":9,"column":11},"end":{"line":9,"column":null}},"2":{"start":{"line":10,"column":11},"end":{"line":10,"column":null}},"3":{"start":{"line":12,"column":11},"end":{"line":12,"column":null}},"4":{"start":{"line":15,"column":4},"end":{"line":15,"column":null}},"5":{"start":{"line":21,"column":4},"end":{"line":21,"column":null}},"6":{"start":{"line":27,"column":4},"end":{"line":27,"column":null}},"7":{"start":{"line":33,"column":4},"end":{"line":33,"column":null}}},"fnMap":{"0":{"name":"(anonymous_0)","decl":{"start":{"line":8,"column":2},"end":{"line":8,"column":null}},"loc":{"start":{"line":13,"column":4},"end":{"line":16,"column":null}},"line":13},"1":{"name":"(anonymous_1)","decl":{"start":{"line":20,"column":2},"end":{"line":20,"column":14}},"loc":{"start":{"line":20,"column":46},"end":{"line":22,"column":null}},"line":20},"2":{"name":"(anonymous_2)","decl":{"start":{"line":26,"column":2},"end":{"line":26,"column":14}},"loc":{"start":{"line":26,"column":51},"end":{"line":28,"column":null}},"line":26},"3":{"name":"(anonymous_3)","decl":{"start":{"line":32,"column":2},"end":{"line":32,"column":14}},"loc":{"start":{"line":32,"column":56},"end":{"line":34,"column":null}},"line":32}},"branchMap":{"0":{"loc":{"start":{"line":20,"column":14},"end":{"line":20,"column":46}},"type":"default-arg","locations":[{"start":{"line":20,"column":24},"end":{"line":20,"column":46}}],"line":20},"1":{"loc":{"start":{"line":26,"column":14},"end":{"line":26,"column":51}},"type":"default-arg","locations":[{"start":{"line":26,"column":24},"end":{"line":26,"column":51}}],"line":26},"2":{"loc":{"start":{"line":32,"column":14},"end":{"line":32,"column":41}},"type":"default-arg","locations":[{"start":{"line":32,"column":24},"end":{"line":32,"column":41}}],"line":32}},"s":{"0":2,"1":2,"2":2,"3":2,"4":2,"5":1,"6":1,"7":0},"f":{"0":2,"1":1,"2":1,"3":0},"b":{"0":[1],"1":[1],"2":[0]},"meta":{"lastBranch":3,"lastFunction":4,"lastStatement":8,"seen":{"f:8:2:8:Infinity":0,"s:14:4:14:Infinity":0,"s:9:11:9:Infinity":1,"s:10:11:10:Infinity":2,"s:12:11:12:Infinity":3,"s:15:4:15:Infinity":4,"f:20:2:20:14":1,"b:20:24:20:46":0,"s:21:4:21:Infinity":5,"f:26:2:26:14":2,"b:26:24:26:51":1,"s:27:4:27:Infinity":6,"f:32:2:32:14":3,"b:32:24:32:41":2,"s:33:4:33:Infinity":7}}}
,"/home/kvir/PersonalProjects/OrderSapp/app/backend/src/utils/regex.ts": {"path":"/home/kvir/PersonalProjects/OrderSapp/app/backend/src/utils/regex.ts","statementMap":{"0":{"start":{"line":1,"column":26},"end":{"line":1,"column":38}}},"fnMap":{},"branchMap":{},"s":{"0":1},"f":{},"b":{},"meta":{"lastBranch":0,"lastFunction":0,"lastStatement":1,"seen":{"s:1:26:1:38":0}}}
}
